e:\i2r stuff\advance\v2.8\advance_v2\x64\debug\activitydetection.obj
e:\i2r stuff\advance\v2.8\advance_v2\x64\debug\advance.obj
e:\i2r stuff\advance\v2.8\advance_v2\x64\debug\binary_format.obj
e:\i2r stuff\advance\v2.8\advance_v2\x64\debug\calclbpweight.obj
e:\i2r stuff\advance\v2.8\advance_v2\x64\debug\genlbp.obj
e:\i2r stuff\advance\v2.8\advance_v2\x64\debug\mouseselect.obj
e:\i2r stuff\advance\v2.8\advance_v2\x64\debug\stdafx.obj
e:\i2r stuff\advance\v2.8\advance_v2\x64\debug\svm_common.obj
e:\i2r stuff\advance\v2.8\advance_v2\x64\debug\svm_hideo.obj
e:\i2r stuff\advance\v2.8\advance_v2\x64\debug\svm_learn.obj
e:\i2r stuff\advance\v2.8\advance_v2\x64\debug\svm_test.obj
e:\i2r stuff\advance\v2.8\advance_v2\x64\debug\advance_v2.exe.embed.manifest
e:\i2r stuff\advance\v2.8\advance_v2\x64\debug\advance_v2.exe.intermediate.manifest
e:\i2r stuff\advance\v2.8\advance_v2\x64\debug\advance_v2.exe.embed.manifest.res
e:\i2r stuff\advance\v2.8\advance_v2\x64\debug\advance_v2.pch
e:\i2r stuff\advance\v2.8\advance_v2\x64\debug\vc90.idb
e:\i2r stuff\advance\v2.8\advance_v2\x64\debug\vc90.pdb
e:\i2r stuff\advance\v2.8\x64\debug\advance_v2.pdb
e:\i2r stuff\advance\v2.8\x64\debug\advance_v2.exe
e:\i2r stuff\advance\v2.8\x64\debug\advance_v2.ilk
